c:\users\admin\source\repos\bunny\debug\vc142.pdb
c:\users\admin\source\repos\bunny\debug\vc142.idb
c:\users\admin\source\repos\bunny\debug\tictactomediumlevel.obj
c:\users\admin\source\repos\bunny\debug\tictactoessylevel.obj
c:\users\admin\source\repos\bunny\debug\tictacto.obj
c:\users\admin\source\repos\bunny\debug\move.obj
c:\users\admin\source\repos\bunny\debug\main.obj
c:\users\admin\source\repos\bunny\debug\gdisplayconsul.obj
c:\users\admin\source\repos\bunny\debug\catchthebunnymediumlevel.obj
c:\users\admin\source\repos\bunny\debug\catchthebunnyessylevel.obj
c:\users\admin\source\repos\bunny\debug\catchthebunny.obj
c:\users\admin\source\repos\bunny\debug\boardgamecontroller.obj
c:\users\admin\source\repos\bunny\debug\bunny.ilk
c:\users\admin\source\repos\bunny\debug\bunny.exe
c:\users\admin\source\repos\bunny\debug\bunny.pdb
c:\users\admin\source\repos\bunny\debug\bunny.tlog\cl.command.1.tlog
c:\users\admin\source\repos\bunny\debug\bunny.tlog\cl.read.1.tlog
c:\users\admin\source\repos\bunny\debug\bunny.tlog\cl.write.1.tlog
c:\users\admin\source\repos\bunny\debug\bunny.tlog\link.command.1.tlog
c:\users\admin\source\repos\bunny\debug\bunny.tlog\link.read.1.tlog
c:\users\admin\source\repos\bunny\debug\bunny.tlog\link.write.1.tlog
